mar. 18 août 2020 17:36:01 CEST
Beginning collection
{'country': 'France', 'source': 'twitter', 'lang': 'fr', 'date_from': '2020-08-11', 'date_to': '2020-08-18', 'count': 10}
{"count": 99, "request": {"country": {"Country": "France", "Slug": "france", "ISO2": "FR"}, "source": "twitter", "lang": "fr", "date_from": "2020-08-11", "date_to": "2020-08-19", "count": 10}}
mar. 18 août 2020 17:36:42 CEST
Collection finished
mar. 18 août 2020 17:37:01 CEST
Beginning collection
{'country': 'France', 'source': 'twitter', 'lang': 'fr', 'date_from': '2020-08-11', 'date_to': '2020-08-18', 'count': 10}
{"count": 99, "request": {"country": {"Country": "France", "Slug": "france", "ISO2": "FR"}, "source": "twitter", "lang": "fr", "date_from": "2020-08-11", "date_to": "2020-08-19", "count": 10}}
{'country': 'Germany', 'source': 'twitter', 'lang': 'en', 'date_from': '2020-08-11', 'date_to': '2020-08-18', 'count': 10}
{"count": 10, "request": {"country": {"Country": "Germany", "Slug": "germany", "ISO2": "DE"}, "source": "twitter", "lang": "en", "date_from": "2020-08-11", "date_to": "2020-08-19", "count": 10}}
{'country': 'Kenya', 'source': 'twitter', 'lang': 'en', 'date_from': '2020-08-11', 'date_to': '2020-08-18', 'count': 10}
{"count": 10, "request": {"country": {"Country": "Kenya", "Slug": "kenya", "ISO2": "KE"}, "source": "twitter", "lang": "en", "date_from": "2020-08-11", "date_to": "2020-08-19", "count": 10}}
{'country': 'India', 'source': 'twitter', 'lang': 'en', 'date_from': '2020-08-11', 'date_to': '2020-08-18', 'count': 10}
{"count": 9, "request": {"country": {"Country": "India", "Slug": "india", "ISO2": "IN"}, "source": "twitter", "lang": "en", "date_from": "2020-08-11", "date_to": "2020-08-19", "count": 10}}
mar. 18 août 2020 17:37:39 CEST
Collection finished
mar. 18 août 2020 17:45:01 CEST
Beginning collection
{'country': 'France', 'source': 'twitter', 'lang': 'fr', 'date_from': '2020-08-11', 'date_to': '2020-08-18', 'count': 700.0}
{"request": {"country": "France", "source": "twitter", "lang": "fr", "date_from": "2020-08-11", "date_to": "2020-08-18", "count": 700.0}}
{'country': 'Germany', 'source': 'twitter', 'lang': 'en', 'date_from': '2020-08-11', 'date_to': '2020-08-18', 'count': 700.0}
{"request": {"country": "Germany", "source": "twitter", "lang": "en", "date_from": "2020-08-11", "date_to": "2020-08-18", "count": 700.0}}
{'country': 'Kenya', 'source': 'twitter', 'lang': 'en', 'date_from': '2020-08-11', 'date_to': '2020-08-18', 'count': 700.0}
{"request": {"country": "Kenya", "source": "twitter", "lang": "en", "date_from": "2020-08-11", "date_to": "2020-08-18", "count": 700.0}}
{'country': 'India', 'source': 'twitter', 'lang': 'en', 'date_from': '2020-08-11', 'date_to': '2020-08-18', 'count': 700.0}
{"request": {"country": "India", "source": "twitter", "lang": "en", "date_from": "2020-08-11", "date_to": "2020-08-18", "count": 700.0}}
mar. 18 août 2020 17:45:03 CEST
Collection finished
